c:\users\chris\onedrive\documents\universite\ete 2020\stage\code\vectorfields\vectorfields\x64\release\qcustomplot.obj
c:\users\chris\onedrive\documents\universite\ete 2020\stage\code\vectorfields\vectorfields\x64\release\mainwindows.obj
c:\users\chris\onedrive\documents\universite\ete 2020\stage\code\vectorfields\vectorfields\x64\release\displayoptions.obj
c:\users\chris\onedrive\documents\universite\ete 2020\stage\code\vectorfields\vectorfields\x64\release\voxelbox.obj
c:\users\chris\onedrive\documents\universite\ete 2020\stage\code\vectorfields\vectorfields\x64\release\layers.obj
c:\users\chris\onedrive\documents\universite\ete 2020\stage\code\vectorfields\vectorfields\x64\release\meshrender.obj
c:\users\chris\onedrive\documents\universite\ete 2020\stage\code\vectorfields\vectorfields\x64\release\fullscreenicon.obj
c:\users\chris\onedrive\documents\universite\ete 2020\stage\code\vectorfields\vectorfields\x64\release\raycaster.obj
c:\users\chris\onedrive\documents\universite\ete 2020\stage\code\vectorfields\vectorfields\x64\release\octreeoptions.obj
c:\users\chris\onedrive\documents\universite\ete 2020\stage\code\vectorfields\vectorfields\x64\release\voxel.obj
c:\users\chris\onedrive\documents\universite\ete 2020\stage\code\vectorfields\vectorfields\x64\release\pointcloud.obj
c:\users\chris\onedrive\documents\universite\ete 2020\stage\code\vectorfields\vectorfields\x64\release\newwindow.obj
c:\users\chris\onedrive\documents\universite\ete 2020\stage\code\vectorfields\vectorfields\x64\release\main.obj
c:\users\chris\onedrive\documents\universite\ete 2020\stage\code\vectorfields\vectorfields\x64\release\rendererthread.obj
c:\users\chris\onedrive\documents\universite\ete 2020\stage\code\vectorfields\vectorfields\x64\release\scale.obj
c:\users\chris\onedrive\documents\universite\ete 2020\stage\code\vectorfields\vectorfields\x64\release\qrc_mainwindows.obj
c:\users\chris\onedrive\documents\universite\ete 2020\stage\code\vectorfields\vectorfields\x64\release\moc_mainwindows.obj
c:\users\chris\onedrive\documents\universite\ete 2020\stage\code\vectorfields\vectorfields\x64\release\moc_displayoptions.obj
c:\users\chris\onedrive\documents\universite\ete 2020\stage\code\vectorfields\vectorfields\x64\release\moc_meshrender.obj
c:\users\chris\onedrive\documents\universite\ete 2020\stage\code\vectorfields\vectorfields\x64\release\moc_octreeoptions.obj
c:\users\chris\onedrive\documents\universite\ete 2020\stage\code\vectorfields\vectorfields\x64\release\moc_scale.obj
c:\users\chris\onedrive\documents\universite\ete 2020\stage\code\vectorfields\vectorfields\x64\release\moc_fullscreenicon.obj
c:\users\chris\onedrive\documents\universite\ete 2020\stage\code\vectorfields\vectorfields\x64\release\moc_rendererthread.obj
c:\users\chris\onedrive\documents\universite\ete 2020\stage\code\vectorfields\vectorfields\x64\release\moc_layers.obj
c:\users\chris\onedrive\documents\universite\ete 2020\stage\code\vectorfields\vectorfields\x64\release\moc_newwindow.obj
c:\users\chris\onedrive\documents\universite\ete 2020\stage\code\vectorfields\vectorfields\x64\release\moc_qcustomplot.obj
c:\users\chris\onedrive\documents\universite\ete 2020\stage\code\vectorfields\x64\release\vectorfields.exe
c:\users\chris\onedrive\documents\universite\ete 2020\stage\code\vectorfields\vectorfields\x64\release\moc\moc_mainwindows.cpp
c:\users\chris\onedrive\documents\universite\ete 2020\stage\code\vectorfields\vectorfields\x64\release\moc\moc_layers.cpp
c:\users\chris\onedrive\documents\universite\ete 2020\stage\code\vectorfields\vectorfields\x64\release\moc\moc_displayoptions.cpp
c:\users\chris\onedrive\documents\universite\ete 2020\stage\code\vectorfields\vectorfields\x64\release\moc\moc_octreeoptions.cpp
c:\users\chris\onedrive\documents\universite\ete 2020\stage\code\vectorfields\vectorfields\x64\release\moc\moc_fullscreenicon.cpp
c:\users\chris\onedrive\documents\universite\ete 2020\stage\code\vectorfields\vectorfields\x64\release\moc\moc_newwindow.cpp
c:\users\chris\onedrive\documents\universite\ete 2020\stage\code\vectorfields\vectorfields\x64\release\moc\moc_meshrender.cpp
c:\users\chris\onedrive\documents\universite\ete 2020\stage\code\vectorfields\vectorfields\x64\release\moc\moc_qcustomplot.cpp
c:\users\chris\onedrive\documents\universite\ete 2020\stage\code\vectorfields\vectorfields\x64\release\moc\moc_rendererthread.cpp
c:\users\chris\onedrive\documents\universite\ete 2020\stage\code\vectorfields\vectorfields\x64\release\moc\moc_scale.cpp
c:\users\chris\onedrive\documents\universite\ete 2020\stage\code\vectorfields\vectorfields\x64\release\vectorfields.res
c:\users\chris\onedrive\documents\universite\ete 2020\stage\code\vectorfields\vectorfields\x64\release\rcc\qrc_mainwindows.cpp
c:\users\chris\onedrive\documents\universite\ete 2020\stage\code\vectorfields\vectorfields\x64\release\uic\ui_displayoptions.h
c:\users\chris\onedrive\documents\universite\ete 2020\stage\code\vectorfields\vectorfields\x64\release\uic\ui_mainwindows.h
c:\users\chris\onedrive\documents\universite\ete 2020\stage\code\vectorfields\vectorfields\x64\release\uic\ui_octreeoptions.h
c:\users\chris\onedrive\documents\universite\ete 2020\stage\code\vectorfields\vectorfields\x64\release\bspline2d.obj
c:\users\chris\onedrive\documents\universite\ete 2020\stage\code\vectorfields\vectorfields\x64\release\moc_bspline2d.obj
c:\users\chris\onedrive\documents\universite\ete 2020\stage\code\vectorfields\vectorfields\x64\release\moc_renderer.obj
c:\users\chris\onedrive\documents\universite\ete 2020\stage\code\vectorfields\vectorfields\x64\release\renderer.obj
c:\users\chris\onedrive\documents\universite\ete 2020\stage\code\vectorfields\vectorfields\x64\release\threadtravel.obj
c:\users\chris\onedrive\documents\universite\ete 2020\stage\code\vectorfields\vectorfields\x64\release\vectorfields.tlog\cl.command.1.tlog
c:\users\chris\onedrive\documents\universite\ete 2020\stage\code\vectorfields\vectorfields\x64\release\vectorfields.tlog\cl.read.1.tlog
c:\users\chris\onedrive\documents\universite\ete 2020\stage\code\vectorfields\vectorfields\x64\release\vectorfields.tlog\cl.write.1.tlog
c:\users\chris\onedrive\documents\universite\ete 2020\stage\code\vectorfields\vectorfields\x64\release\vectorfields.tlog\link.command.1.tlog
c:\users\chris\onedrive\documents\universite\ete 2020\stage\code\vectorfields\vectorfields\x64\release\vectorfields.tlog\link.read.1.tlog
c:\users\chris\onedrive\documents\universite\ete 2020\stage\code\vectorfields\vectorfields\x64\release\vectorfields.tlog\link.write.1.tlog
c:\users\chris\onedrive\documents\universite\ete 2020\stage\code\vectorfields\vectorfields\x64\release\vectorfields.tlog\moc.read.1u.tlog
c:\users\chris\onedrive\documents\universite\ete 2020\stage\code\vectorfields\vectorfields\x64\release\vectorfields.tlog\moc.write.1u.tlog
c:\users\chris\onedrive\documents\universite\ete 2020\stage\code\vectorfields\vectorfields\x64\release\vectorfields.tlog\rc.command.1.tlog
c:\users\chris\onedrive\documents\universite\ete 2020\stage\code\vectorfields\vectorfields\x64\release\vectorfields.tlog\rc.read.1.tlog
c:\users\chris\onedrive\documents\universite\ete 2020\stage\code\vectorfields\vectorfields\x64\release\vectorfields.tlog\rc.write.1.tlog
c:\users\chris\onedrive\documents\universite\ete 2020\stage\code\vectorfields\vectorfields\x64\release\vectorfields.tlog\rcc.read.1u.tlog
c:\users\chris\onedrive\documents\universite\ete 2020\stage\code\vectorfields\vectorfields\x64\release\vectorfields.tlog\rcc.write.1u.tlog
c:\users\chris\onedrive\documents\universite\ete 2020\stage\code\vectorfields\vectorfields\x64\release\vectorfields.tlog\uic.read.1u.tlog
c:\users\chris\onedrive\documents\universite\ete 2020\stage\code\vectorfields\vectorfields\x64\release\vectorfields.tlog\uic.write.1u.tlog
c:\users\chris\onedrive\documents\universite\ete 2020\stage\code\vectorfields\vectorfields\x64\release\vectorfields.tlog\vectorfields.write.1u.tlog
