c:\users\chris\onedrive\documents\universite\ete 2020\stage\code\qtguiapplication1\qtguiapplication1\x64\debug\voxelbox.obj
c:\users\chris\onedrive\documents\universite\ete 2020\stage\code\qtguiapplication1\qtguiapplication1\x64\debug\renderer.obj
c:\users\chris\onedrive\documents\universite\ete 2020\stage\code\qtguiapplication1\qtguiapplication1\x64\debug\voxel.obj
c:\users\chris\onedrive\documents\universite\ete 2020\stage\code\qtguiapplication1\qtguiapplication1\x64\debug\mainwindows.obj
c:\users\chris\onedrive\documents\universite\ete 2020\stage\code\qtguiapplication1\qtguiapplication1\x64\debug\pointcloud.obj
c:\users\chris\onedrive\documents\universite\ete 2020\stage\code\qtguiapplication1\qtguiapplication1\x64\debug\layers.obj
c:\users\chris\onedrive\documents\universite\ete 2020\stage\code\qtguiapplication1\qtguiapplication1\x64\debug\main.obj
c:\users\chris\onedrive\documents\universite\ete 2020\stage\code\qtguiapplication1\qtguiapplication1\x64\debug\moc_layers.obj
c:\users\chris\onedrive\documents\universite\ete 2020\stage\code\qtguiapplication1\qtguiapplication1\x64\debug\moc_renderer.obj
c:\users\chris\onedrive\documents\universite\ete 2020\stage\code\qtguiapplication1\qtguiapplication1\x64\debug\qrc_mainwindows.obj
c:\users\chris\onedrive\documents\universite\ete 2020\stage\code\qtguiapplication1\qtguiapplication1\x64\debug\moc_mainwindows.obj
c:\users\chris\onedrive\documents\universite\ete 2020\stage\code\qtguiapplication1\qtguiapplication1\x64\debug\displayoptions.obj
c:\users\chris\onedrive\documents\universite\ete 2020\stage\code\qtguiapplication1\qtguiapplication1\x64\debug\scale.obj
c:\users\chris\onedrive\documents\universite\ete 2020\stage\code\qtguiapplication1\qtguiapplication1\x64\debug\moc_scale.obj
c:\users\chris\onedrive\documents\universite\ete 2020\stage\code\qtguiapplication1\qtguiapplication1\x64\debug\moc_displayoptions.obj
c:\users\chris\onedrive\documents\universite\ete 2020\stage\code\qtguiapplication1\qtguiapplication1\x64\debug\octreeoptions.obj
c:\users\chris\onedrive\documents\universite\ete 2020\stage\code\qtguiapplication1\qtguiapplication1\x64\debug\moc_octreeoptions.obj
c:\users\chris\onedrive\documents\universite\ete 2020\stage\code\qtguiapplication1\qtguiapplication1\x64\debug\qcustomplot.obj
c:\users\chris\onedrive\documents\universite\ete 2020\stage\code\qtguiapplication1\qtguiapplication1\x64\debug\fullscreenicon.obj
c:\users\chris\onedrive\documents\universite\ete 2020\stage\code\qtguiapplication1\qtguiapplication1\x64\debug\moc_fullscreenicon.obj
c:\users\chris\onedrive\documents\universite\ete 2020\stage\code\qtguiapplication1\qtguiapplication1\x64\debug\moc_qcustomplot.obj
c:\users\chris\onedrive\documents\universite\ete 2020\stage\code\qtguiapplication1\qtguiapplication1\x64\debug\newwindow.obj
c:\users\chris\onedrive\documents\universite\ete 2020\stage\code\qtguiapplication1\qtguiapplication1\x64\debug\moc_newwindow.obj
c:\users\chris\onedrive\documents\universite\ete 2020\stage\code\qtguiapplication1\qtguiapplication1\x64\debug\vc142.pdb
c:\users\chris\onedrive\documents\universite\ete 2020\stage\code\qtguiapplication1\x64\debug\vectorfields.ilk
c:\users\chris\onedrive\documents\universite\ete 2020\stage\code\qtguiapplication1\x64\debug\vectorfields.exe
c:\users\chris\onedrive\documents\universite\ete 2020\stage\code\qtguiapplication1\x64\debug\vectorfields.pdb
c:\users\chris\onedrive\documents\universite\ete 2020\stage\code\qtguiapplication1\qtguiapplication1\x64\debug\moc\moc_mainwindows.cpp
c:\users\chris\onedrive\documents\universite\ete 2020\stage\code\qtguiapplication1\qtguiapplication1\x64\debug\moc\moc_layers.cpp
c:\users\chris\onedrive\documents\universite\ete 2020\stage\code\qtguiapplication1\qtguiapplication1\x64\debug\moc\moc_renderer.cpp
c:\users\chris\onedrive\documents\universite\ete 2020\stage\code\qtguiapplication1\qtguiapplication1\x64\debug\moc\moc_scale.cpp
c:\users\chris\onedrive\documents\universite\ete 2020\stage\code\qtguiapplication1\qtguiapplication1\x64\debug\moc\moc_displayoptions.cpp
c:\users\chris\onedrive\documents\universite\ete 2020\stage\code\qtguiapplication1\qtguiapplication1\x64\debug\moc\moc_octreeoptions.cpp
c:\users\chris\onedrive\documents\universite\ete 2020\stage\code\qtguiapplication1\qtguiapplication1\x64\debug\moc\moc_fullscreenicon.cpp
c:\users\chris\onedrive\documents\universite\ete 2020\stage\code\qtguiapplication1\qtguiapplication1\x64\debug\moc\moc_newwindow.cpp
c:\users\chris\onedrive\documents\universite\ete 2020\stage\code\qtguiapplication1\qtguiapplication1\x64\debug\moc\moc_qcustomplot.cpp
c:\users\chris\onedrive\documents\universite\ete 2020\stage\code\qtguiapplication1\qtguiapplication1\x64\debug\vectorfields.res
c:\users\chris\onedrive\documents\universite\ete 2020\stage\code\qtguiapplication1\qtguiapplication1\x64\debug\rcc\qrc_mainwindows.cpp
c:\users\chris\onedrive\documents\universite\ete 2020\stage\code\qtguiapplication1\qtguiapplication1\x64\debug\uic\ui_mainwindows.h
c:\users\chris\onedrive\documents\universite\ete 2020\stage\code\qtguiapplication1\qtguiapplication1\x64\debug\uic\ui_displayoptions.h
c:\users\chris\onedrive\documents\universite\ete 2020\stage\code\qtguiapplication1\qtguiapplication1\x64\debug\uic\ui_octreeoptions.h
c:\users\chris\onedrive\documents\universite\ete 2020\stage\code\qtguiapplication1\qtguiapplication1\x64\debug\vectorfields.tlog\cl.command.1.tlog
c:\users\chris\onedrive\documents\universite\ete 2020\stage\code\qtguiapplication1\qtguiapplication1\x64\debug\vectorfields.tlog\cl.read.1.tlog
c:\users\chris\onedrive\documents\universite\ete 2020\stage\code\qtguiapplication1\qtguiapplication1\x64\debug\vectorfields.tlog\cl.write.1.tlog
c:\users\chris\onedrive\documents\universite\ete 2020\stage\code\qtguiapplication1\qtguiapplication1\x64\debug\vectorfields.tlog\link.11564.delete.1.tlog
c:\users\chris\onedrive\documents\universite\ete 2020\stage\code\qtguiapplication1\qtguiapplication1\x64\debug\vectorfields.tlog\link.12028.delete.1.tlog
c:\users\chris\onedrive\documents\universite\ete 2020\stage\code\qtguiapplication1\qtguiapplication1\x64\debug\vectorfields.tlog\link.17660.delete.1.tlog
c:\users\chris\onedrive\documents\universite\ete 2020\stage\code\qtguiapplication1\qtguiapplication1\x64\debug\vectorfields.tlog\link.25460.delete.1.tlog
c:\users\chris\onedrive\documents\universite\ete 2020\stage\code\qtguiapplication1\qtguiapplication1\x64\debug\vectorfields.tlog\link.25556.delete.1.tlog
c:\users\chris\onedrive\documents\universite\ete 2020\stage\code\qtguiapplication1\qtguiapplication1\x64\debug\vectorfields.tlog\link.27272.delete.1.tlog
c:\users\chris\onedrive\documents\universite\ete 2020\stage\code\qtguiapplication1\qtguiapplication1\x64\debug\vectorfields.tlog\link.32012.delete.1.tlog
c:\users\chris\onedrive\documents\universite\ete 2020\stage\code\qtguiapplication1\qtguiapplication1\x64\debug\vectorfields.tlog\link.42168.delete.1.tlog
c:\users\chris\onedrive\documents\universite\ete 2020\stage\code\qtguiapplication1\qtguiapplication1\x64\debug\vectorfields.tlog\link.48904.delete.1.tlog
c:\users\chris\onedrive\documents\universite\ete 2020\stage\code\qtguiapplication1\qtguiapplication1\x64\debug\vectorfields.tlog\link.57380.delete.1.tlog
c:\users\chris\onedrive\documents\universite\ete 2020\stage\code\qtguiapplication1\qtguiapplication1\x64\debug\vectorfields.tlog\link.61188.delete.1.tlog
c:\users\chris\onedrive\documents\universite\ete 2020\stage\code\qtguiapplication1\qtguiapplication1\x64\debug\vectorfields.tlog\link.76092.delete.1.tlog
c:\users\chris\onedrive\documents\universite\ete 2020\stage\code\qtguiapplication1\qtguiapplication1\x64\debug\vectorfields.tlog\link.95144.delete.1.tlog
c:\users\chris\onedrive\documents\universite\ete 2020\stage\code\qtguiapplication1\qtguiapplication1\x64\debug\vectorfields.tlog\link.command.1.tlog
c:\users\chris\onedrive\documents\universite\ete 2020\stage\code\qtguiapplication1\qtguiapplication1\x64\debug\vectorfields.tlog\link.delete.1.tlog
c:\users\chris\onedrive\documents\universite\ete 2020\stage\code\qtguiapplication1\qtguiapplication1\x64\debug\vectorfields.tlog\link.read.1.tlog
c:\users\chris\onedrive\documents\universite\ete 2020\stage\code\qtguiapplication1\qtguiapplication1\x64\debug\vectorfields.tlog\link.write.1.tlog
c:\users\chris\onedrive\documents\universite\ete 2020\stage\code\qtguiapplication1\qtguiapplication1\x64\debug\vectorfields.tlog\moc.read.1u.tlog
c:\users\chris\onedrive\documents\universite\ete 2020\stage\code\qtguiapplication1\qtguiapplication1\x64\debug\vectorfields.tlog\moc.write.1u.tlog
c:\users\chris\onedrive\documents\universite\ete 2020\stage\code\qtguiapplication1\qtguiapplication1\x64\debug\vectorfields.tlog\rc.command.1.tlog
c:\users\chris\onedrive\documents\universite\ete 2020\stage\code\qtguiapplication1\qtguiapplication1\x64\debug\vectorfields.tlog\rc.read.1.tlog
c:\users\chris\onedrive\documents\universite\ete 2020\stage\code\qtguiapplication1\qtguiapplication1\x64\debug\vectorfields.tlog\rc.write.1.tlog
c:\users\chris\onedrive\documents\universite\ete 2020\stage\code\qtguiapplication1\qtguiapplication1\x64\debug\vectorfields.tlog\rcc.read.1u.tlog
c:\users\chris\onedrive\documents\universite\ete 2020\stage\code\qtguiapplication1\qtguiapplication1\x64\debug\vectorfields.tlog\rcc.write.1u.tlog
c:\users\chris\onedrive\documents\universite\ete 2020\stage\code\qtguiapplication1\qtguiapplication1\x64\debug\vectorfields.tlog\uic.read.1u.tlog
c:\users\chris\onedrive\documents\universite\ete 2020\stage\code\qtguiapplication1\qtguiapplication1\x64\debug\vectorfields.tlog\uic.write.1u.tlog
c:\users\chris\onedrive\documents\universite\ete 2020\stage\code\qtguiapplication1\qtguiapplication1\x64\debug\vectorfields.tlog\vectorfields.write.1u.tlog
